Arguments: 
  /Users/luizandrenunesdasilva/.nvm/versions/node/v12.18.3/bin/node /usr/local/Cellar/yarn/1.22.4/libexec/bin/yarn.js add typescript ts-node-dev ts-jest tsconfig-patth -D

PATH: 
  /Users/luizandrenunesdasilva/Desktop/google-cloud-sdk/bin:/Users/luizandrenunesdasilva/.nvm/versions/node/v12.18.3/bin:/usr/local/bin:/usr/bin:/bin:/usr/sbin:/sbin:/Library/Apple/usr/bin:/Users/luizandrenunesdasilva/Desktop/google-cloud-sdk/bin:/Users/luizandrenunesdasilva/.nvm/versions/node/v12.18.3/bin:/Users/luizandrenunesdasilva/.zplugin/polaris/bin:/Users/luizandrenunesdasilva/Android/Sdk/tools:/Users/luizandrenunesdasilva/Android/Sdk/platform-tools:/Users/luizandrenunesdasilva/Android/Sdk/tools:/Users/luizandrenunesdasilva/Android/Sdk/platform-tools

Yarn version: 
  1.22.4

Node version: 
  12.18.3

Platform: 
  darwin x64

Trace: 
  Error: https://registry.yarnpkg.com/tsconfig-patth: Not found
      at Request.params.callback [as _callback] (/usr/local/Cellar/yarn/1.22.4/libexec/lib/cli.js:66987:18)
      at Request.self.callback (/usr/local/Cellar/yarn/1.22.4/libexec/lib/cli.js:140748:22)
      at Request.emit (events.js:315:20)
      at Request.<anonymous> (/usr/local/Cellar/yarn/1.22.4/libexec/lib/cli.js:141720:10)
      at Request.emit (events.js:315:20)
      at IncomingMessage.<anonymous> (/usr/local/Cellar/yarn/1.22.4/libexec/lib/cli.js:141642:12)
      at Object.onceWrapper (events.js:421:28)
      at IncomingMessage.emit (events.js:327:22)
      at endReadableNT (_stream_readable.js:1220:12)
      at processTicksAndRejections (internal/process/task_queues.js:84:21)

npm manifest: 
  {
    "name": "allspace-queue",
    "version": "1.0.0",
    "main": "index.js",
    "license": "MIT"
  }

yarn manifest: 
  No manifest

Lockfile: 
  No lockfile
